2025-11-06T21:58:04.697432400+01:00 [INFO] [vehicle:TUG-06 | Tug 6] Task RUNNING: Task{id='SIM-6', type=CHARGE, status=RUNNING, payload={flight=LH550}}
2025-11-06T21:58:05.744067300+01:00 [INFO] [vehicle:TUG-06 | Tug 6] Task DONE: Task{id='SIM-6', type=CHARGE, status=DONE, payload={flight=LH550}} (dur=13 min)
2025-11-06T22:10:20.531472+01:00 [INFO] [vehicle:TUG-06 | Tug 6] Task RUNNING: Task{id='SIM-6', type=TRANSFER, status=RUNNING, payload={flight=LH544, from=CONV-1, to=BAY-4}}
2025-11-06T22:10:21.932910400+01:00 [INFO] [vehicle:TUG-06 | Tug 6] Task RUNNING: Task{id='SIM-13', type=UNLOAD, status=RUNNING, payload={flight=LH797}}
2025-11-06T22:10:22.133929900+01:00 [INFO] [vehicle:TUG-06 | Tug 6] Task DONE: Task{id='SIM-6', type=TRANSFER, status=DONE, payload={flight=LH544, from=CONV-1, to=BAY-4}} (dur=16 min)
2025-11-06T22:10:23.136711900+01:00 [INFO] [vehicle:TUG-06 | Tug 6] Task DONE: Task{id='SIM-13', type=UNLOAD, status=DONE, payload={flight=LH797}} (dur=12 min)
2025-11-06T22:10:23.225005400+01:00 [INFO] [vehicle:TUG-06 | Tug 6] Task RUNNING: Task{id='SIM-20', type=UNLOAD, status=RUNNING, payload={flight=LH719}}
2025-11-06T22:10:24.028334800+01:00 [INFO] [vehicle:TUG-06 | Tug 6] Task DONE: Task{id='SIM-20', type=UNLOAD, status=DONE, payload={flight=LH719}} (dur=8 min)
2025-11-06T22:25:20.870737300+01:00 [INFO] [vehicle:TUG-06 | Tug 6] Task RUNNING: Task{id='SIM-6', type=TRANSFER, status=RUNNING, payload={flight=LH470, from=CONV-4, to=BAY-5}}
2025-11-06T22:25:21.437067+01:00 [INFO] [vehicle:TUG-06 | Tug 6] Task DONE: Task{id='SIM-6', type=TRANSFER, status=DONE, payload={flight=LH470, from=CONV-4, to=BAY-5}} (dur=7 min)
2025-11-06T22:26:38.374200400+01:00 [INFO] [vehicle:TUG-06 | Tug 6] Task RUNNING: Task{id='SIM-6', type=CHARGE, status=RUNNING, payload={flight=LH710}}
2025-11-06T22:26:39.979627200+01:00 [INFO] [vehicle:TUG-06 | Tug 6] Task RUNNING: Task{id='SIM-15', type=UNLOAD, status=RUNNING, payload={flight=LH478}}
2025-11-06T22:26:39.983630800+01:00 [INFO] [vehicle:TUG-06 | Tug 6] Task DONE: Task{id='SIM-6', type=CHARGE, status=DONE, payload={flight=LH710}} (dur=16 min)
2025-11-06T22:26:40.881570200+01:00 [INFO] [vehicle:TUG-06 | Tug 6] Task DONE: Task{id='SIM-15', type=UNLOAD, status=DONE, payload={flight=LH478}} (dur=9 min)
2025-11-06T22:31:20.483635400+01:00 [INFO] [vehicle:TUG-06 | Tug 6] Task RUNNING: Task{id='SIM-6', type=CHARGE, status=RUNNING, payload={flight=LH134}}
2025-11-06T22:31:21.789181700+01:00 [INFO] [vehicle:TUG-06 | Tug 6] Task DONE: Task{id='SIM-6', type=CHARGE, status=DONE, payload={flight=LH134}} (dur=13 min)
2025-11-06T22:34:43.753693200+01:00 [INFO] [vehicle:TUG-06 | Tug 6] Task RUNNING: Task{id='SIM-6', type=UNLOAD, status=RUNNING, payload={flight=LH155}}
2025-11-06T22:34:45.557065200+01:00 [INFO] [vehicle:TUG-06 | Tug 6] Task DONE: Task{id='SIM-6', type=UNLOAD, status=DONE, payload={flight=LH155}} (dur=18 min)
2025-11-06T22:36:21.780195200+01:00 [INFO] [vehicle:TUG-06 | Tug 6] Task RUNNING: Task{id='SIM-6', type=UNLOAD, status=RUNNING, payload={flight=LH763}}
2025-11-06T22:36:23.381818400+01:00 [INFO] [vehicle:TUG-06 | Tug 6] Task DONE: Task{id='SIM-6', type=UNLOAD, status=DONE, payload={flight=LH763}} (dur=16 min)
2025-11-06T22:37:21.656934900+01:00 [INFO] [vehicle:TUG-06 | Tug 6] Task RUNNING: Task{id='SIM-6', type=LOAD, status=RUNNING, payload={flight=LH438}}
2025-11-06T22:37:22.860218400+01:00 [INFO] [vehicle:TUG-06 | Tug 6] Task DONE: Task{id='SIM-6', type=LOAD, status=DONE, payload={flight=LH438}} (dur=12 min)
2025-11-06T22:37:22.862208500+01:00 [INFO] [vehicle:TUG-06 | Tug 6] Task RUNNING: Task{id='SIM-13', type=LOAD, status=RUNNING, payload={flight=LH134}}
2025-11-06T22:37:23.867599400+01:00 [INFO] [vehicle:TUG-06 | Tug 6] Task DONE: Task{id='SIM-13', type=LOAD, status=DONE, payload={flight=LH134}} (dur=10 min)
2025-11-06T22:53:00.770356900+01:00 [INFO] [vehicle:TUG-06 | Tug 6] Task RUNNING: Task{id='SIM-6', type=TRANSFER, status=RUNNING, payload={flight=LH850, from=CONV-2, to=BAY-1}}
2025-11-06T22:53:01.377361+01:00 [INFO] [vehicle:TUG-06 | Tug 6] Task DONE: Task{id='SIM-6', type=TRANSFER, status=DONE, payload={flight=LH850, from=CONV-2, to=BAY-1}} (dur=6 min)
2025-11-06T23:16:00.937538600+01:00 [INFO] [vehicle:TUG-06 | Tug 6] Task RUNNING: Task{id='SIM-6', type=LOAD, status=RUNNING, payload={flight=LH296}}
2025-11-06T23:16:02.840471200+01:00 [INFO] [vehicle:TUG-06 | Tug 6] Task DONE: Task{id='SIM-6', type=LOAD, status=DONE, payload={flight=LH296}} (dur=19 min)
2025-11-06T23:45:17.084988700+01:00 [INFO] [vehicle:TUG-06 | Tug 6] Task RUNNING: Task{id='SIM-6', type=TRANSFER, status=RUNNING, payload={flight=LH596, from=CONV-1, to=BAY-1}}
2025-11-06T23:45:18.787418+01:00 [INFO] [vehicle:TUG-06 | Tug 6] Task RUNNING: Task{id='SIM-13', type=UNLOAD, status=RUNNING, payload={flight=LH793}}
2025-11-06T23:45:19.090903900+01:00 [INFO] [vehicle:TUG-06 | Tug 6] Task DONE: Task{id='SIM-6', type=TRANSFER, status=DONE, payload={flight=LH596, from=CONV-1, to=BAY-1}} (dur=20 min)
2025-11-06T23:45:19.490615600+01:00 [INFO] [vehicle:TUG-06 | Tug 6] Task DONE: Task{id='SIM-13', type=UNLOAD, status=DONE, payload={flight=LH793}} (dur=7 min)
2025-11-06T23:48:54.607040400+01:00 [INFO] [vehicle:TUG-06 | Tug 6] Task RUNNING: Task{id='SIM-6', type=CHARGE, status=RUNNING, payload={flight=LH214}}
2025-11-06T23:48:55.311656400+01:00 [INFO] [vehicle:TUG-06 | Tug 6] Task DONE: Task{id='SIM-6', type=CHARGE, status=DONE, payload={flight=LH214}} (dur=7 min)
