2025-11-06T21:58:04.689430800+01:00 [INFO] [vehicle:TUG-02 | Tug 2] Task RUNNING: Task{id='SIM-2', type=UNLOAD, status=RUNNING, payload={flight=LH950}}
2025-11-06T21:58:05.356284400+01:00 [INFO] [vehicle:TUG-02 | Tug 2] Task RUNNING: Task{id='SIM-12', type=CHARGE, status=RUNNING, payload={flight=LH361}}
2025-11-06T21:58:05.571282600+01:00 [INFO] [vehicle:TUG-02 | Tug 2] Task DONE: Task{id='SIM-2', type=UNLOAD, status=DONE, payload={flight=LH950}} (dur=11 min)
2025-11-06T21:58:06.638692+01:00 [INFO] [vehicle:TUG-02 | Tug 2] Task DONE: Task{id='SIM-12', type=CHARGE, status=DONE, payload={flight=LH361}} (dur=16 min)
2025-11-06T22:02:12.513474600+01:00 [INFO] [vehicle:TUG-02 | Tug 2] Task RUNNING: Task{id='SIM-2', type=UNLOAD, status=RUNNING, payload={flight=LH813}}
2025-11-06T22:02:12.915213700+01:00 [INFO] [vehicle:TUG-02 | Tug 2] Task DONE: Task{id='SIM-2', type=UNLOAD, status=DONE, payload={flight=LH813}} (dur=5 min)
2025-11-06T22:02:12.999973200+01:00 [INFO] [vehicle:TUG-02 | Tug 2] Task RUNNING: Task{id='SIM-6', type=CHARGE, status=RUNNING, payload={flight=LH458}}
2025-11-06T22:02:13.483788+01:00 [INFO] [vehicle:TUG-02 | Tug 2] Task DONE: Task{id='SIM-6', type=CHARGE, status=DONE, payload={flight=LH458}} (dur=6 min)
2025-11-06T22:10:20.515471300+01:00 [INFO] [vehicle:TUG-02 | Tug 2] Task RUNNING: Task{id='SIM-2', type=UNLOAD, status=RUNNING, payload={flight=LH185}}
2025-11-06T22:10:21.241936300+01:00 [INFO] [vehicle:TUG-02 | Tug 2] Task RUNNING: Task{id='SIM-9', type=CHARGE, status=RUNNING, payload={flight=LH785}}
2025-11-06T22:10:21.822827900+01:00 [INFO] [vehicle:TUG-02 | Tug 2] Task DONE: Task{id='SIM-2', type=UNLOAD, status=DONE, payload={flight=LH185}} (dur=13 min)
2025-11-06T22:10:22.643348700+01:00 [INFO] [vehicle:TUG-02 | Tug 2] Task DONE: Task{id='SIM-9', type=CHARGE, status=DONE, payload={flight=LH785}} (dur=14 min)
2025-11-06T22:10:22.645333600+01:00 [INFO] [vehicle:TUG-02 | Tug 2] Task RUNNING: Task{id='SIM-16', type=LOAD, status=RUNNING, payload={flight=LH525}}
2025-11-06T22:10:24.548954400+01:00 [INFO] [vehicle:TUG-02 | Tug 2] Task DONE: Task{id='SIM-16', type=LOAD, status=DONE, payload={flight=LH525}} (dur=19 min)
2025-11-06T22:25:20.859735100+01:00 [INFO] [vehicle:TUG-02 | Tug 2] Task RUNNING: Task{id='SIM-2', type=TRANSFER, status=RUNNING, payload={flight=LH368, from=CONV-1, to=BAY-4}}
2025-11-06T22:25:21.444076500+01:00 [INFO] [vehicle:TUG-02 | Tug 2] Task RUNNING: Task{id='SIM-10', type=CHARGE, status=RUNNING, payload={flight=LH237}}
2025-11-06T22:25:22.301773600+01:00 [INFO] [vehicle:TUG-02 | Tug 2] Task DONE: Task{id='SIM-2', type=TRANSFER, status=DONE, payload={flight=LH368, from=CONV-1, to=BAY-4}} (dur=18 min)
2025-11-06T22:25:23.048192900+01:00 [INFO] [vehicle:TUG-02 | Tug 2] Task DONE: Task{id='SIM-10', type=CHARGE, status=DONE, payload={flight=LH237}} (dur=20 min)
2025-11-06T22:25:51.039300400+01:00 [INFO] [vehicle:TUG-02 | Tug 2] Task RUNNING: Task{id='SIM-2', type=UNLOAD, status=RUNNING, payload={flight=LH832}}
2025-11-06T22:25:51.920641800+01:00 [INFO] [vehicle:TUG-02 | Tug 2] Task DONE: Task{id='SIM-2', type=UNLOAD, status=DONE, payload={flight=LH832}} (dur=11 min)
2025-11-06T22:26:38.361197500+01:00 [INFO] [vehicle:TUG-02 | Tug 2] Task RUNNING: Task{id='SIM-2', type=UNLOAD, status=RUNNING, payload={flight=LH651}}
2025-11-06T22:26:38.965398900+01:00 [INFO] [vehicle:TUG-02 | Tug 2] Task RUNNING: Task{id='SIM-11', type=CHARGE, status=RUNNING, payload={flight=LH692}}
2025-11-06T22:26:40.064287100+01:00 [INFO] [vehicle:TUG-02 | Tug 2] Task DONE: Task{id='SIM-2', type=UNLOAD, status=DONE, payload={flight=LH651}} (dur=17 min)
2025-11-06T22:26:40.569575500+01:00 [INFO] [vehicle:TUG-02 | Tug 2] Task DONE: Task{id='SIM-11', type=CHARGE, status=DONE, payload={flight=LH692}} (dur=16 min)
2025-11-06T22:31:20.477636+01:00 [INFO] [vehicle:TUG-02 | Tug 2] Task RUNNING: Task{id='SIM-2', type=UNLOAD, status=RUNNING, payload={flight=LH855}}
2025-11-06T22:31:21.585461900+01:00 [INFO] [vehicle:TUG-02 | Tug 2] Task RUNNING: Task{id='SIM-10', type=CHARGE, status=RUNNING, payload={flight=LH264}}
2025-11-06T22:31:21.982895100+01:00 [INFO] [vehicle:TUG-02 | Tug 2] Task DONE: Task{id='SIM-2', type=UNLOAD, status=DONE, payload={flight=LH855}} (dur=15 min)
2025-11-06T22:31:22.289658100+01:00 [INFO] [vehicle:TUG-02 | Tug 2] Task DONE: Task{id='SIM-10', type=CHARGE, status=DONE, payload={flight=LH264}} (dur=7 min)
2025-11-06T22:34:43.746696+01:00 [INFO] [vehicle:TUG-02 | Tug 2] Task RUNNING: Task{id='SIM-2', type=CHARGE, status=RUNNING, payload={flight=LH507}}
2025-11-06T22:34:44.849627700+01:00 [INFO] [vehicle:TUG-02 | Tug 2] Task DONE: Task{id='SIM-2', type=CHARGE, status=DONE, payload={flight=LH507}} (dur=11 min)
2025-11-06T22:36:21.773195600+01:00 [INFO] [vehicle:TUG-02 | Tug 2] Task RUNNING: Task{id='SIM-2', type=CHARGE, status=RUNNING, payload={flight=LH897}}
2025-11-06T22:36:22.674858300+01:00 [INFO] [vehicle:TUG-02 | Tug 2] Task DONE: Task{id='SIM-2', type=CHARGE, status=DONE, payload={flight=LH897}} (dur=9 min)
2025-11-06T22:37:21.649935800+01:00 [INFO] [vehicle:TUG-02 | Tug 2] Task RUNNING: Task{id='SIM-2', type=UNLOAD, status=RUNNING, payload={flight=LH478}}
2025-11-06T22:37:22.154559+01:00 [INFO] [vehicle:TUG-02 | Tug 2] Task DONE: Task{id='SIM-2', type=UNLOAD, status=DONE, payload={flight=LH478}} (dur=5 min)
2025-11-06T22:37:22.158557500+01:00 [INFO] [vehicle:TUG-02 | Tug 2] Task RUNNING: Task{id='SIM-9', type=LOAD, status=RUNNING, payload={flight=LH135}}
2025-11-06T22:37:23.664080500+01:00 [INFO] [vehicle:TUG-02 | Tug 2] Task DONE: Task{id='SIM-9', type=LOAD, status=DONE, payload={flight=LH135}} (dur=15 min)
2025-11-06T22:37:31.612613500+01:00 [INFO] [vehicle:TUG-02 | Tug 2] Task RUNNING: Task{id='SIM-2', type=LOAD, status=RUNNING, payload={flight=LH991}}
2025-11-06T22:37:32.325993300+01:00 [INFO] [vehicle:TUG-02 | Tug 2] Task RUNNING: Task{id='SIM-7', type=UNLOAD, status=RUNNING, payload={flight=LH293}}
2025-11-06T22:37:32.518705800+01:00 [INFO] [vehicle:TUG-02 | Tug 2] Task DONE: Task{id='SIM-2', type=LOAD, status=DONE, payload={flight=LH991}} (dur=9 min)
2025-11-06T22:37:33.528759800+01:00 [INFO] [vehicle:TUG-02 | Tug 2] Task DONE: Task{id='SIM-7', type=UNLOAD, status=DONE, payload={flight=LH293}} (dur=12 min)
2025-11-06T22:53:00.763354800+01:00 [INFO] [vehicle:TUG-02 | Tug 2] Task RUNNING: Task{id='SIM-2', type=LOAD, status=RUNNING, payload={flight=LH407}}
2025-11-06T22:53:02.267394+01:00 [INFO] [vehicle:TUG-02 | Tug 2] Task DONE: Task{id='SIM-2', type=LOAD, status=DONE, payload={flight=LH407}} (dur=15 min)
2025-11-06T22:57:35.029920700+01:00 [INFO] [vehicle:TUG-02 | Tug 2] Task RUNNING: Task{id='SIM-2', type=LOAD, status=RUNNING, payload={flight=LH808}}
2025-11-06T22:57:36.535042900+01:00 [INFO] [vehicle:TUG-02 | Tug 2] Task DONE: Task{id='SIM-2', type=LOAD, status=DONE, payload={flight=LH808}} (dur=15 min)
2025-11-06T23:00:11.501696500+01:00 [INFO] [vehicle:TUG-02 | Tug 2] Task RUNNING: Task{id='SIM-2', type=TRANSFER, status=RUNNING, payload={flight=LH583, from=CONV-2, to=BAY-6}}
2025-11-06T23:00:12.928187500+01:00 [INFO] [vehicle:TUG-02 | Tug 2] Task DONE: Task{id='SIM-2', type=TRANSFER, status=DONE, payload={flight=LH583, from=CONV-2, to=BAY-6}} (dur=14 min)
2025-11-06T23:16:00.931536300+01:00 [INFO] [vehicle:TUG-02 | Tug 2] Task RUNNING: Task{id='SIM-2', type=LOAD, status=RUNNING, payload={flight=LH937}}
2025-11-06T23:16:01.739372200+01:00 [INFO] [vehicle:TUG-02 | Tug 2] Task RUNNING: Task{id='SIM-8', type=LOAD, status=RUNNING, payload={flight=LH669}}
2025-11-06T23:16:02.732469900+01:00 [INFO] [vehicle:TUG-02 | Tug 2] Task DONE: Task{id='SIM-2', type=LOAD, status=DONE, payload={flight=LH937}} (dur=18 min)
2025-11-06T23:16:03.742783+01:00 [INFO] [vehicle:TUG-02 | Tug 2] Task DONE: Task{id='SIM-8', type=LOAD, status=DONE, payload={flight=LH669}} (dur=20 min)
2025-11-06T23:16:14.519824100+01:00 [INFO] [vehicle:TUG-02 | Tug 2] Task RUNNING: Task{id='SIM-2', type=UNLOAD, status=RUNNING, payload={flight=LH101}}
2025-11-06T23:16:15.034368700+01:00 [INFO] [vehicle:TUG-02 | Tug 2] Task RUNNING: Task{id='SIM-6', type=TRANSFER, status=RUNNING, payload={flight=LH409, from=CONV-2, to=BAY-5}}
2025-11-06T23:16:15.836544300+01:00 [INFO] [vehicle:TUG-02 | Tug 2] Task DONE: Task{id='SIM-6', type=TRANSFER, status=DONE, payload={flight=LH409, from=CONV-2, to=BAY-5}} (dur=8 min)
2025-11-06T23:16:16.122410+01:00 [INFO] [vehicle:TUG-02 | Tug 2] Task DONE: Task{id='SIM-2', type=UNLOAD, status=DONE, payload={flight=LH101}} (dur=16 min)
2025-11-06T23:16:16.219933200+01:00 [INFO] [vehicle:TUG-02 | Tug 2] Task RUNNING: Task{id='SIM-10', type=UNLOAD, status=RUNNING, payload={flight=LH493}}
2025-11-06T23:16:17.622166800+01:00 [INFO] [vehicle:TUG-02 | Tug 2] Task DONE: Task{id='SIM-10', type=UNLOAD, status=DONE, payload={flight=LH493}} (dur=14 min)
2025-11-06T23:45:17.079991400+01:00 [INFO] [vehicle:TUG-02 | Tug 2] Task RUNNING: Task{id='SIM-2', type=LOAD, status=RUNNING, payload={flight=LH984}}
2025-11-06T23:45:17.788931400+01:00 [INFO] [vehicle:TUG-02 | Tug 2] Task DONE: Task{id='SIM-2', type=LOAD, status=DONE, payload={flight=LH984}} (dur=7 min)
2025-11-06T23:45:18.082020200+01:00 [INFO] [vehicle:TUG-02 | Tug 2] Task RUNNING: Task{id='SIM-9', type=LOAD, status=RUNNING, payload={flight=LH141}}
2025-11-06T23:45:18.685387200+01:00 [INFO] [vehicle:TUG-02 | Tug 2] Task DONE: Task{id='SIM-9', type=LOAD, status=DONE, payload={flight=LH141}} (dur=6 min)
2025-11-06T23:45:19.493611+01:00 [INFO] [vehicle:TUG-02 | Tug 2] Task RUNNING: Task{id='SIM-16', type=TRANSFER, status=RUNNING, payload={flight=LH199, from=CONV-3, to=BAY-2}}
2025-11-06T23:45:21.096178+01:00 [INFO] [vehicle:TUG-02 | Tug 2] Task DONE: Task{id='SIM-16', type=TRANSFER, status=DONE, payload={flight=LH199, from=CONV-3, to=BAY-2}} (dur=16 min)
2025-11-06T23:48:54.601038700+01:00 [INFO] [vehicle:TUG-02 | Tug 2] Task RUNNING: Task{id='SIM-2', type=UNLOAD, status=RUNNING, payload={flight=LH894}}
2025-11-06T23:48:56.505387700+01:00 [INFO] [vehicle:TUG-02 | Tug 2] Task DONE: Task{id='SIM-2', type=UNLOAD, status=DONE, payload={flight=LH894}} (dur=19 min)
